0.5994 	WARNING 	We strongly recommend you activate the PTB sound engine in PsychoPy prefs as the preferred audio engine. Its timing is vastly superior. Your prefs are currently set to use ['sounddevice', 'PTB', 'pyo', 'pygame'] (in that order).
18.0906 	EXP 	Created window1 = Window(allowGUI=False, allowStencil=False, autoLog=True, backendConf=UNKNOWN, bitsMode=UNKNOWN, blendMode='avg', bpc=(8, 8, 8), color=array([0, 0, 0]), colorSpace='rgb', depthBits=8, fullscr=<method-wrapper '__getattribute__' of attributeSetter object at 0x7fe186261ba8>, gamma=None, gammaErrorPolicy='raise', lms=UNKNOWN, monitor=<psychopy.monitors.calibTools.Monitor object at 0x7fe18554c320>, multiSample=False, name='window1', numSamples=2, pos=[360.0, 225.0], screen=0, size=array([2880, 1800]), stencilBits=0, stereo=False, units='height', useFBO=True, useRetina=True, viewOri=0.0, viewPos=None, viewScale=None, waitBlanking=True, winType='pyglet')
18.0907 	EXP 	window1: mouseVisible = True
18.0907 	EXP 	window1: recordFrameIntervals = False
18.2579 	EXP 	window1: recordFrameIntervals = True
18.4409 	EXP 	window1: recordFrameIntervals = False
19.0791 	EXP 	Created instr_text = TextStim(__class__=<class 'psychopy.visual.text.TextStim'>, alignHoriz=method-wrapper(...), alignText='center', alignVert=method-wrapper(...), anchorHoriz='center', anchorVert='center', antialias=True, autoLog=True, bold=False, color=array([1., 1., 1.]), colorSpace='rgb', contrast=1.0, depth=0.0, flipHoriz=False, flipVert=False, font='Open Sans', fontFiles=[], height=0.035, italic=False, languageStyle='LTR', name='instr_text', opacity=1, ori=0.0, pos=array([0., 0.]), rgb=UNKNOWN, text=str(...), units='height', win=Window(...), wrapWidth=1)
19.2760 	EXP 	Created stimulus_text_01 = TextStim(__class__=<class 'psychopy.visual.text.TextStim'>, alignHoriz=method-wrapper(...), alignText='center', alignVert=method-wrapper(...), anchorHoriz='center', anchorVert='center', antialias=True, autoLog=True, bold=False, color=array([1., 1., 1.]), colorSpace='rgb', contrast=1.0, depth=0.0, flipHoriz=False, flipVert=False, font='Open Sans', fontFiles=[], height=0.035, italic=False, languageStyle='LTR', name='stimulus_text_01', opacity=1, ori=0.0, pos=array([0.  , 0.15]), rgb=UNKNOWN, text=str(...), units='height', win=Window(...), wrapWidth=1)
19.2814 	EXP 	Created stimulus_text_02 = TextStim(__class__=<class 'psychopy.visual.text.TextStim'>, alignHoriz=method-wrapper(...), alignText='center', alignVert=method-wrapper(...), anchorHoriz='center', anchorVert='center', antialias=True, autoLog=True, bold=False, color=array([1., 1., 1.]), colorSpace='rgb', contrast=1.0, depth=-1.0, flipHoriz=False, flipVert=False, font='Open Sans', fontFiles=[], height=0.035, italic=False, languageStyle='LTR', name='stimulus_text_02', opacity=1, ori=0.0, pos=array([ 0. , -0.2]), rgb=UNKNOWN, text=str(...), units='height', win=Window(...), wrapWidth=1)
19.4717 	EXP 	Created text_3 = TextStim(__class__=<class 'psychopy.visual.text.TextStim'>, alignHoriz=method-wrapper(...), alignText='center', alignVert=method-wrapper(...), anchorHoriz='center', anchorVert='center', antialias=True, autoLog=True, bold=False, color=array([1., 1., 1.]), colorSpace='rgb', contrast=1.0, depth=-3.0, flipHoriz=False, flipVert=False, font='Open Sans', fontFiles=[], height=0.04, italic=False, languageStyle='LTR', name='text_3', opacity=1, ori=0.0, pos=array([0., 0.]), rgb=UNKNOWN, text='T', units='height', win=Window(...), wrapWidth=1)
19.4781 	EXP 	Created text_2 = TextStim(__class__=<class 'psychopy.visual.text.TextStim'>, alignHoriz=method-wrapper(...), alignText='center', alignVert=method-wrapper(...), anchorHoriz='center', anchorVert='center', antialias=True, autoLog=True, bold=False, color=array([1., 1., 1.]), colorSpace='rgb', contrast=1.0, depth=-1.0, flipHoriz=False, flipVert=False, font='Open Sans', fontFiles=[], height=0.04, italic=False, languageStyle='LTR', name='text_2', opacity=1, ori=0.0, pos=array([0., 0.]), rgb=UNKNOWN, text='Press „space“ for starting the experiment', units='height', win=Window(...), wrapWidth=1)
19.6676 	EXP 	Created text_cross = TextStim(__class__=<class 'psychopy.visual.text.TextStim'>, alignHoriz=method-wrapper(...), alignText='center', alignVert=method-wrapper(...), anchorHoriz='center', anchorVert='center', antialias=True, autoLog=True, bold=False, color=array([1., 1., 1.]), colorSpace='rgb', contrast=1.0, depth=0.0, flipHoriz=False, flipVert=False, font='Open Sans', fontFiles=[], height=0.1, italic=False, languageStyle='LTR', name='text_cross', opacity=1, ori=0.0, pos=array([0., 0.]), rgb=UNKNOWN, text='+', units='height', win=Window(...), wrapWidth=1)
19.8536 	EXP 	window1: mouseVisible = True
19.8609 	EXP 	Created text_cross_space = TextStim(__class__=<class 'psychopy.visual.text.TextStim'>, alignHoriz=method-wrapper(...), alignText='center', alignVert=method-wrapper(...), anchorHoriz='center', anchorVert='center', antialias=True, autoLog=True, bold=False, color=array([1., 1., 1.]), colorSpace='rgb', contrast=1.0, depth=-3.0, flipHoriz=False, flipVert=False, font='Open Sans', fontFiles=[], height=0.035, italic=False, languageStyle='LTR', name='text_cross_space', opacity=1, ori=0.0, pos=array([ 0. , -0.2]), rgb=UNKNOWN, text='Press „space“ when ready', units='height', win=Window(...), wrapWidth=1)
19.8631 	EXP 	Created stimulus = Rect(__class__=<class 'psychopy.visual.rect.Rect'>, autoDraw=False, autoLog=True, closeShape=True, color=method-wrapper(...), colorSpace='rgb', contrast=None, depth=-1.0, fillColor=array([1, 1, 1]), fillColorSpace='rgb', fillRGB=array([1, 1, 1]), interpolate=True, lineColor=array([1., 1., 1.]), lineColorSpace='rgb', lineRGB=array([1, 1, 1]), lineWidth=1.0, name='stimulus', opacity=1, ori=0.0, pos=array([0., 0.]), size=array([0.04, 0.04]), units='height', vertices=ndarray(...), win=Window(...))
19.8671 	EXP 	Created image_scene = ImageStim(__class__=<class 'psychopy.visual.image.ImageStim'>, autoLog=True, color=array([1., 1., 1.]), colorSpace='rgb', contrast=1.0, depth=-2.0, flipHoriz=False, flipVert=False, image='sin', interpolate=True, mask=None, maskParams=None, name='image_scene', opacity=1, ori=1.0, pos=array([0., 0.]), size=array([1.5, 1. ]), texRes=128.0, units='height', win=Window(...))
19.8672 	EXP 	window1: mouseVisible = True
19.8695 	EXP 	Created target_letter = TextStim(__class__=<class 'psychopy.visual.text.TextStim'>, alignHoriz=method-wrapper(...), alignText='center', alignVert=method-wrapper(...), anchorHoriz='center', anchorVert='center', antialias=True, autoLog=True, bold=False, color=array([0.00392157, 0.00392157, 0.00392157]), colorSpace='rgb', contrast=1.0, depth=-4.0, flipHoriz=False, flipVert=False, font='Open Sans', fontFiles=[], height=0.04, italic=False, languageStyle='LTR', name='target_letter', opacity=1, ori=0.0, pos=array([0., 0.]), rgb=UNKNOWN, text='T', units='height', win=Window(...), wrapWidth=1)
19.8809 	EXP 	Created debr_text = TextStim(__class__=<class 'psychopy.visual.text.TextStim'>, alignHoriz=method-wrapper(...), alignText='center', alignVert=method-wrapper(...), anchorHoriz='center', anchorVert='center', antialias=True, autoLog=True, bold=False, color=array([1., 1., 1.]), colorSpace='rgb', contrast=1.0, depth=0.0, flipHoriz=False, flipVert=False, font='Open Sans', fontFiles=[], height=0.035, italic=False, languageStyle='LTR', name='debr_text', opacity=1, ori=0.0, pos=array([0., 0.]), rgb=UNKNOWN, text=str(...), units='height', win=Window(...), wrapWidth=1)
20.0791 	EXP 	instr_text: autoDraw = True
61.5708 	DATA 	Keypress: space
61.5765 	EXP 	instr_text: autoDraw = False
61.5765 	EXP 	stimulus_text_01: autoDraw = True
61.5765 	EXP 	stimulus_text_02: autoDraw = True
61.5765 	EXP 	text_3: autoDraw = True
79.5204 	EXP 	Imported block_number.xlsx as conditions, 2 conditions, 1 params
79.5212 	EXP 	Created sequence: sequential, trialTypes=2, nReps=1, seed=None
79.5216 	EXP 	New trial (rep=0, index=0): {'BlockNumber': 1}
79.5250 	DATA 	Keypress: space
79.5292 	EXP 	stimulus_text_01: autoDraw = False
79.5292 	EXP 	stimulus_text_02: autoDraw = False
79.5292 	EXP 	text_3: autoDraw = False
79.5292 	EXP 	text_2: autoDraw = True
82.1962 	EXP 	Imported condition_participant/ConditionFile_Mirror_Block1_5.xlsx as conditions, 30 conditions, 4 params
82.1973 	EXP 	Created sequence: random, trialTypes=30, nReps=1, seed=None
82.1978 	EXP 	New trial (rep=0, index=0): {'TrialType': 'new', 'FileName': 'Kitchen_6', 'Xcoord': 0.27566083504110805, 'Ycoord': -0.1463782704126546}
82.2077 	DATA 	Keypress: space
82.2121 	EXP 	text_2: autoDraw = False
82.2121 	EXP 	text_cross: autoDraw = True
82.2121 	EXP 	text_cross_space: autoDraw = True
86.7933 	DATA 	Keypress: space
86.8419 	EXP 	text_cross: autoDraw = False
86.8419 	EXP 	text_cross_space: autoDraw = False
86.8419 	EXP 	stimulus: pos = array([ 0.27566084, -0.14637827])
86.8419 	EXP 	image_scene: ori = 0.0
86.8419 	EXP 	image_scene: image = 'raw_scenes/Kitchen_6.png'
86.8419 	EXP 	target_letter: pos = array([ 0.27566084, -0.14637827])
86.8419 	EXP 	stimulus: autoDraw = True
86.8419 	EXP 	image_scene: autoDraw = True
86.8419 	EXP 	target_letter: autoDraw = True
101.2781 	EXP 	New trial (rep=0, index=1): {'TrialType': 'new', 'FileName': 'Kitchen_2', 'Xcoord': 0.6481019090477705, 'Ycoord': -0.039638762827283514}
101.2933 	EXP 	stimulus: autoDraw = False
101.2933 	EXP 	image_scene: autoDraw = False
101.2933 	EXP 	target_letter: autoDraw = False
101.2933 	EXP 	text_cross: autoDraw = True
101.2933 	EXP 	text_cross_space: autoDraw = True
122.8179 	DATA 	Keypress: space
122.8545 	EXP 	text_cross: autoDraw = False
122.8545 	EXP 	text_cross_space: autoDraw = False
122.8545 	EXP 	stimulus: pos = array([ 0.64810191, -0.03963876])
122.8545 	EXP 	image_scene: ori = 0.0
122.8545 	EXP 	image_scene: image = 'raw_scenes/Kitchen_2.png'
122.8545 	EXP 	target_letter: pos = array([ 0.64810191, -0.03963876])
122.8545 	EXP 	stimulus: autoDraw = True
122.8545 	EXP 	image_scene: autoDraw = True
122.8545 	EXP 	target_letter: autoDraw = True
137.3615 	EXP 	New trial (rep=0, index=2): {'TrialType': 'new', 'FileName': 'Kitchen_1', 'Xcoord': 0.39576600992692873, 'Ycoord': -0.02059545505068555}
137.3780 	EXP 	stimulus: autoDraw = False
137.3780 	EXP 	image_scene: autoDraw = False
137.3780 	EXP 	target_letter: autoDraw = False
137.3780 	EXP 	text_cross: autoDraw = True
137.3780 	EXP 	text_cross_space: autoDraw = True
140.3249 	DATA 	Keypress: space
140.3593 	EXP 	text_cross: autoDraw = False
140.3593 	EXP 	text_cross_space: autoDraw = False
140.3593 	EXP 	stimulus: pos = array([ 0.39576601, -0.02059546])
140.3593 	EXP 	image_scene: ori = 0.0
140.3593 	EXP 	image_scene: image = 'raw_scenes/Kitchen_1.png'
140.3593 	EXP 	target_letter: pos = array([ 0.39576601, -0.02059546])
140.3593 	EXP 	stimulus: autoDraw = True
140.3593 	EXP 	image_scene: autoDraw = True
140.3593 	EXP 	target_letter: autoDraw = True
143.0284 	DATA 	Mouse: Left button down, pos=(1078,434)
143.0310 	EXP 	New trial (rep=0, index=3): {'TrialType': 'original', 'FileName': 'Office_4', 'Xcoord': 0.47970638112442754, 'Ycoord': -0.07514757535749095}
143.0448 	EXP 	stimulus: autoDraw = False
143.0448 	EXP 	image_scene: autoDraw = False
143.0448 	EXP 	target_letter: autoDraw = False
143.0448 	EXP 	text_cross: autoDraw = True
143.0448 	EXP 	text_cross_space: autoDraw = True
143.0808 	DATA 	Mouse:  Left button up, pos=(720,450)
145.0353 	DATA 	Keypress: space
145.0694 	EXP 	text_cross: autoDraw = False
145.0694 	EXP 	text_cross_space: autoDraw = False
145.0694 	EXP 	stimulus: pos = array([ 0.47970638, -0.07514758])
145.0694 	EXP 	image_scene: ori = 0.0
145.0694 	EXP 	image_scene: image = 'raw_scenes/Office_4.png'
145.0694 	EXP 	target_letter: pos = array([ 0.47970638, -0.07514758])
145.0694 	EXP 	stimulus: autoDraw = True
145.0694 	EXP 	image_scene: autoDraw = True
145.0694 	EXP 	target_letter: autoDraw = True
147.2145 	DATA 	Mouse: Left button down, pos=(1147,395)
147.2284 	DATA 	Mouse:  Left button up, pos=(1147,395)
151.3289 	DATA 	Mouse: Left button down, pos=(1150,389)
151.3308 	EXP 	New trial (rep=0, index=4): {'TrialType': 'original', 'FileName': 'Bedroom_2', 'Xcoord': 0.6688981486134047, 'Ycoord': -0.37473738857615985}
151.3452 	EXP 	stimulus: autoDraw = False
151.3452 	EXP 	image_scene: autoDraw = False
151.3452 	EXP 	target_letter: autoDraw = False
151.3452 	EXP 	text_cross: autoDraw = True
151.3452 	EXP 	text_cross_space: autoDraw = True
151.5816 	DATA 	Mouse:  Left button up, pos=(720,450)
157.2447 	DATA 	Keypress: space
157.2795 	EXP 	text_cross: autoDraw = False
157.2795 	EXP 	text_cross_space: autoDraw = False
157.2795 	EXP 	stimulus: pos = array([ 0.66889815, -0.37473739])
157.2795 	EXP 	image_scene: ori = 0.0
157.2795 	EXP 	image_scene: image = 'raw_scenes/Bedroom_2.png'
157.2795 	EXP 	target_letter: pos = array([ 0.66889815, -0.37473739])
157.2795 	EXP 	stimulus: autoDraw = True
157.2795 	EXP 	image_scene: autoDraw = True
157.2795 	EXP 	target_letter: autoDraw = True
160.8957 	DATA 	Mouse: Left button down, pos=(1319,123)
160.8982 	EXP 	New trial (rep=0, index=5): {'TrialType': 'new', 'FileName': 'Kitchen_7', 'Xcoord': -0.4760149389780095, 'Ycoord': -0.055569973455452615}
160.9124 	EXP 	stimulus: autoDraw = False
160.9124 	EXP 	image_scene: autoDraw = False
160.9124 	EXP 	target_letter: autoDraw = False
160.9124 	EXP 	text_cross: autoDraw = True
160.9124 	EXP 	text_cross_space: autoDraw = True
161.1321 	DATA 	Mouse:  Left button up, pos=(720,450)
164.3350 	DATA 	Keypress: space
164.3691 	EXP 	text_cross: autoDraw = False
164.3691 	EXP 	text_cross_space: autoDraw = False
164.3691 	EXP 	stimulus: pos = array([-0.47601494, -0.05556997])
164.3691 	EXP 	image_scene: ori = 0.0
164.3691 	EXP 	image_scene: image = 'raw_scenes/Kitchen_7.png'
164.3691 	EXP 	target_letter: pos = array([-0.47601494, -0.05556997])
164.3691 	EXP 	stimulus: autoDraw = True
164.3691 	EXP 	image_scene: autoDraw = True
164.3691 	EXP 	target_letter: autoDraw = True
164.4792 	DATA 	Keypress: space
176.2626 	DATA 	Mouse: Left button down, pos=(289,408)
176.2643 	EXP 	New trial (rep=0, index=6): {'TrialType': 'original', 'FileName': 'Bedroom_10', 'Xcoord': 0.1891086204300323, 'Ycoord': 0.20807359087388388}
176.2794 	EXP 	stimulus: autoDraw = False
176.2794 	EXP 	image_scene: autoDraw = False
176.2794 	EXP 	target_letter: autoDraw = False
176.2794 	EXP 	text_cross: autoDraw = True
176.2794 	EXP 	text_cross_space: autoDraw = True
176.3316 	DATA 	Mouse:  Left button up, pos=(720,450)
190.6476 	DATA 	Keypress: space
190.6818 	EXP 	text_cross: autoDraw = False
190.6818 	EXP 	text_cross_space: autoDraw = False
190.6818 	EXP 	stimulus: pos = array([0.18910862, 0.20807359])
190.6818 	EXP 	image_scene: ori = 0.0
190.6818 	EXP 	image_scene: image = 'raw_scenes/Bedroom_10.png'
190.6818 	EXP 	target_letter: pos = array([0.18910862, 0.20807359])
190.6818 	EXP 	stimulus: autoDraw = True
190.6818 	EXP 	image_scene: autoDraw = True
190.6818 	EXP 	target_letter: autoDraw = True
203.3658 	DATA 	Mouse: Left button down, pos=(893,648)
203.3810 	EXP 	New trial (rep=0, index=7): {'TrialType': 'mirrored', 'FileName': 'Bedroom_1', 'Xcoord': 0.5340519244635709, 'Ycoord': 0.280569701442385}
203.3958 	EXP 	stimulus: autoDraw = False
203.3958 	EXP 	image_scene: autoDraw = False
203.3958 	EXP 	target_letter: autoDraw = False
203.3958 	EXP 	text_cross: autoDraw = True
203.3958 	EXP 	text_cross_space: autoDraw = True
203.6493 	DATA 	Mouse:  Left button up, pos=(720,450)
209.7283 	DATA 	Keypress: space
209.7621 	EXP 	text_cross: autoDraw = False
209.7621 	EXP 	text_cross_space: autoDraw = False
209.7621 	EXP 	stimulus: pos = array([0.53405192, 0.2805697 ])
209.7621 	EXP 	image_scene: ori = 0.0
209.7621 	EXP 	image_scene: image = 'raw_scenes/Bedroom_1.png'
209.7621 	EXP 	target_letter: pos = array([0.53405192, 0.2805697 ])
209.7621 	EXP 	stimulus: autoDraw = True
209.7621 	EXP 	image_scene: autoDraw = True
209.7621 	EXP 	target_letter: autoDraw = True
213.3967 	DATA 	Mouse: Left button down, pos=(1197,709)
213.3987 	EXP 	New trial (rep=0, index=8): {'TrialType': 'mirrored', 'FileName': 'Bathroom_3', 'Xcoord': -0.618067398663159, 'Ycoord': -0.35117949665802334}
213.4123 	EXP 	stimulus: autoDraw = False
213.4123 	EXP 	image_scene: autoDraw = False
213.4123 	EXP 	target_letter: autoDraw = False
213.4123 	EXP 	text_cross: autoDraw = True
213.4123 	EXP 	text_cross_space: autoDraw = True
213.4329 	DATA 	Mouse:  Left button up, pos=(720,450)
215.4321 	DATA 	Keypress: space
215.4658 	EXP 	text_cross: autoDraw = False
215.4658 	EXP 	text_cross_space: autoDraw = False
215.4658 	EXP 	stimulus: pos = array([-0.6180674, -0.3511795])
215.4658 	EXP 	image_scene: ori = 0.0
215.4658 	EXP 	image_scene: image = 'raw_scenes/Bathroom_3.png'
215.4658 	EXP 	target_letter: pos = array([-0.6180674, -0.3511795])
215.4658 	EXP 	stimulus: autoDraw = True
215.4658 	EXP 	image_scene: autoDraw = True
215.4658 	EXP 	target_letter: autoDraw = True
222.1831 	DATA 	Mouse: Left button down, pos=(165,138)
222.1981 	EXP 	New trial (rep=0, index=9): {'TrialType': 'mirrored', 'FileName': 'Bedroom_9', 'Xcoord': -0.4438433122718933, 'Ycoord': -0.17059189439683667}
222.2134 	EXP 	stimulus: autoDraw = False
222.2134 	EXP 	image_scene: autoDraw = False
222.2134 	EXP 	target_letter: autoDraw = False
222.2134 	EXP 	text_cross: autoDraw = True
222.2134 	EXP 	text_cross_space: autoDraw = True
222.4000 	DATA 	Mouse:  Left button up, pos=(720,450)
223.5438 	DATA 	Keypress: space
223.5772 	EXP 	text_cross: autoDraw = False
223.5772 	EXP 	text_cross_space: autoDraw = False
223.5772 	EXP 	stimulus: pos = array([-0.44384331, -0.17059189])
223.5772 	EXP 	image_scene: ori = 0.0
223.5772 	EXP 	image_scene: image = 'raw_scenes/Bedroom_9.png'
223.5772 	EXP 	target_letter: pos = array([-0.44384331, -0.17059189])
223.5772 	EXP 	stimulus: autoDraw = True
223.5772 	EXP 	image_scene: autoDraw = True
223.5772 	EXP 	target_letter: autoDraw = True
227.0807 	DATA 	Mouse: Left button down, pos=(322,303)
227.0827 	EXP 	New trial (rep=0, index=10): {'TrialType': 'new', 'FileName': 'Office_2', 'Xcoord': -0.27831878719327896, 'Ycoord': -0.310209958633414}
227.0967 	EXP 	stimulus: autoDraw = False
227.0967 	EXP 	image_scene: autoDraw = False
227.0967 	EXP 	target_letter: autoDraw = False
227.0967 	EXP 	text_cross: autoDraw = True
227.0967 	EXP 	text_cross_space: autoDraw = True
227.2665 	DATA 	Mouse:  Left button up, pos=(720,450)
228.4400 	DATA 	Keypress: space
228.4753 	EXP 	text_cross: autoDraw = False
228.4753 	EXP 	text_cross_space: autoDraw = False
228.4753 	EXP 	stimulus: pos = array([-0.27831879, -0.31020996])
228.4753 	EXP 	image_scene: ori = 0.0
228.4753 	EXP 	image_scene: image = 'raw_scenes/Office_2.png'
228.4753 	EXP 	target_letter: pos = array([-0.27831879, -0.31020996])
228.4753 	EXP 	stimulus: autoDraw = True
228.4753 	EXP 	image_scene: autoDraw = True
228.4753 	EXP 	target_letter: autoDraw = True
230.5302 	DATA 	Mouse: Left button down, pos=(470,177)
230.5322 	EXP 	New trial (rep=0, index=11): {'TrialType': 'original', 'FileName': 'Kitchen_4', 'Xcoord': 0.05284118894530676, 'Ycoord': 0.1524746634415399}
230.5470 	EXP 	stimulus: autoDraw = False
230.5470 	EXP 	image_scene: autoDraw = False
230.5470 	EXP 	target_letter: autoDraw = False
230.5470 	EXP 	text_cross: autoDraw = True
230.5470 	EXP 	text_cross_space: autoDraw = True
230.7001 	DATA 	Mouse:  Left button up, pos=(720,450)
231.7967 	DATA 	Keypress: space
231.8307 	EXP 	text_cross: autoDraw = False
231.8307 	EXP 	text_cross_space: autoDraw = False
231.8307 	EXP 	stimulus: pos = array([0.05284119, 0.15247466])
231.8307 	EXP 	image_scene: ori = 0.0
231.8307 	EXP 	image_scene: image = 'raw_scenes/Kitchen_4.png'
231.8307 	EXP 	target_letter: pos = array([0.05284119, 0.15247466])
231.8307 	EXP 	stimulus: autoDraw = True
231.8307 	EXP 	image_scene: autoDraw = True
231.8307 	EXP 	target_letter: autoDraw = True
235.0471 	DATA 	Mouse: Left button down, pos=(764,588)
235.0491 	EXP 	New trial (rep=0, index=12): {'TrialType': 'new', 'FileName': 'Bathroom_9', 'Xcoord': 0.6184754309782245, 'Ycoord': -0.11221207996521826}
235.0637 	EXP 	stimulus: autoDraw = False
235.0637 	EXP 	image_scene: autoDraw = False
235.0637 	EXP 	target_letter: autoDraw = False
235.0637 	EXP 	text_cross: autoDraw = True
235.0637 	EXP 	text_cross_space: autoDraw = True
235.1998 	DATA 	Mouse:  Left button up, pos=(720,450)
236.1725 	DATA 	Keypress: space
236.2091 	EXP 	text_cross: autoDraw = False
236.2091 	EXP 	text_cross_space: autoDraw = False
236.2091 	EXP 	stimulus: pos = array([ 0.61847543, -0.11221208])
236.2091 	EXP 	image_scene: ori = 0.0
236.2091 	EXP 	image_scene: image = 'raw_scenes/Bathroom_9.png'
236.2091 	EXP 	target_letter: pos = array([ 0.61847543, -0.11221208])
236.2091 	EXP 	stimulus: autoDraw = True
236.2091 	EXP 	image_scene: autoDraw = True
236.2091 	EXP 	target_letter: autoDraw = True
250.7809 	EXP 	New trial (rep=0, index=13): {'TrialType': 'new', 'FileName': 'Kitchen_9', 'Xcoord': -0.3304857298346065, 'Ycoord': -0.36813515190107776}
250.7968 	EXP 	stimulus: autoDraw = False
250.7968 	EXP 	image_scene: autoDraw = False
250.7968 	EXP 	target_letter: autoDraw = False
250.7968 	EXP 	text_cross: autoDraw = True
250.7968 	EXP 	text_cross_space: autoDraw = True
252.1911 	DATA 	Keypress: space
252.2249 	EXP 	text_cross: autoDraw = False
252.2249 	EXP 	text_cross_space: autoDraw = False
252.2249 	EXP 	stimulus: pos = array([-0.33048573, -0.36813515])
252.2249 	EXP 	image_scene: ori = 0.0
252.2249 	EXP 	image_scene: image = 'raw_scenes/Kitchen_9.png'
252.2249 	EXP 	target_letter: pos = array([-0.33048573, -0.36813515])
252.2249 	EXP 	stimulus: autoDraw = True
252.2249 	EXP 	image_scene: autoDraw = True
252.2249 	EXP 	target_letter: autoDraw = True
253.8005 	DATA 	Mouse: Left button down, pos=(425,136)
253.8153 	EXP 	New trial (rep=0, index=14): {'TrialType': 'original', 'FileName': 'Office_3', 'Xcoord': -0.42688197454989396, 'Ycoord': -0.005617126958450791}
253.8309 	EXP 	stimulus: autoDraw = False
253.8309 	EXP 	image_scene: autoDraw = False
253.8309 	EXP 	target_letter: autoDraw = False
253.8309 	EXP 	text_cross: autoDraw = True
253.8309 	EXP 	text_cross_space: autoDraw = True
253.9671 	DATA 	Mouse:  Left button up, pos=(720,450)
254.9874 	DATA 	Keypress: space
255.0239 	EXP 	text_cross: autoDraw = False
255.0239 	EXP 	text_cross_space: autoDraw = False
255.0239 	EXP 	stimulus: pos = array([-0.42688197, -0.00561713])
255.0239 	EXP 	image_scene: ori = 0.0
255.0239 	EXP 	image_scene: image = 'raw_scenes/Office_3.png'
255.0239 	EXP 	target_letter: pos = array([-0.42688197, -0.00561713])
255.0239 	EXP 	stimulus: autoDraw = True
255.0239 	EXP 	image_scene: autoDraw = True
255.0239 	EXP 	target_letter: autoDraw = True
261.7002 	DATA 	Mouse: Left button down, pos=(330,443)
261.7152 	EXP 	New trial (rep=0, index=15): {'TrialType': 'mirrored', 'FileName': 'Bathroom_1', 'Xcoord': -0.42053604008724393, 'Ycoord': 0.13315793177685875}
261.7304 	EXP 	stimulus: autoDraw = False
261.7304 	EXP 	image_scene: autoDraw = False
261.7304 	EXP 	target_letter: autoDraw = False
261.7304 	EXP 	text_cross: autoDraw = True
261.7304 	EXP 	text_cross_space: autoDraw = True
261.8668 	DATA 	Mouse:  Left button up, pos=(720,450)
263.0061 	DATA 	Keypress: space
263.0426 	EXP 	text_cross: autoDraw = False
263.0426 	EXP 	text_cross_space: autoDraw = False
263.0426 	EXP 	stimulus: pos = array([-0.42053604,  0.13315793])
263.0426 	EXP 	image_scene: ori = 0.0
263.0426 	EXP 	image_scene: image = 'raw_scenes/Bathroom_1.png'
263.0426 	EXP 	target_letter: pos = array([-0.42053604,  0.13315793])
263.0426 	EXP 	stimulus: autoDraw = True
263.0426 	EXP 	image_scene: autoDraw = True
263.0426 	EXP 	target_letter: autoDraw = True
264.9646 	DATA 	Mouse: Left button down, pos=(340,567)
264.9666 	EXP 	New trial (rep=0, index=16): {'TrialType': 'original', 'FileName': 'Bathroom_8', 'Xcoord': 0.4922629472570644, 'Ycoord': 0.10851609574693666}
264.9813 	EXP 	stimulus: autoDraw = False
264.9813 	EXP 	image_scene: autoDraw = False
264.9813 	EXP 	target_letter: autoDraw = False
264.9813 	EXP 	text_cross: autoDraw = True
264.9813 	EXP 	text_cross_space: autoDraw = True
265.1508 	DATA 	Mouse:  Left button up, pos=(720,450)
266.1012 	DATA 	Keypress: space
266.1372 	EXP 	text_cross: autoDraw = False
266.1372 	EXP 	text_cross_space: autoDraw = False
266.1372 	EXP 	stimulus: pos = array([0.49226295, 0.1085161 ])
266.1372 	EXP 	image_scene: ori = 0.0
266.1372 	EXP 	image_scene: image = 'raw_scenes/Bathroom_8.png'
266.1372 	EXP 	target_letter: pos = array([0.49226295, 0.1085161 ])
266.1372 	EXP 	stimulus: autoDraw = True
266.1372 	EXP 	image_scene: autoDraw = True
266.1372 	EXP 	target_letter: autoDraw = True
280.1481 	DATA 	Mouse: Left button down, pos=(1162,555)
280.1501 	EXP 	New trial (rep=0, index=17): {'TrialType': 'mirrored', 'FileName': 'Office_1', 'Xcoord': 0.614396696874397, 'Ycoord': -0.3936057042544783}
280.1646 	EXP 	stimulus: autoDraw = False
280.1646 	EXP 	image_scene: autoDraw = False
280.1646 	EXP 	target_letter: autoDraw = False
280.1646 	EXP 	text_cross: autoDraw = True
280.1646 	EXP 	text_cross_space: autoDraw = True
280.3341 	DATA 	Mouse:  Left button up, pos=(720,450)
281.3968 	DATA 	Keypress: space
281.4329 	EXP 	text_cross: autoDraw = False
281.4329 	EXP 	text_cross_space: autoDraw = False
281.4329 	EXP 	stimulus: pos = array([ 0.6143967, -0.3936057])
281.4329 	EXP 	image_scene: ori = 0.0
281.4329 	EXP 	image_scene: image = 'raw_scenes/Office_1.png'
281.4329 	EXP 	target_letter: pos = array([ 0.6143967, -0.3936057])
281.4329 	EXP 	stimulus: autoDraw = True
281.4329 	EXP 	image_scene: autoDraw = True
281.4329 	EXP 	target_letter: autoDraw = True
287.3148 	DATA 	Mouse: Left button down, pos=(1269,89)
287.3169 	EXP 	New trial (rep=0, index=18): {'TrialType': 'original', 'FileName': 'Bathroom_7', 'Xcoord': 0.060282676793247836, 'Ycoord': 0.09976230741491005}
287.3316 	EXP 	stimulus: autoDraw = False
287.3316 	EXP 	image_scene: autoDraw = False
287.3316 	EXP 	target_letter: autoDraw = False
287.3316 	EXP 	text_cross: autoDraw = True
287.3316 	EXP 	text_cross_space: autoDraw = True
287.4843 	DATA 	Mouse:  Left button up, pos=(720,450)
288.5662 	DATA 	Keypress: space
288.5997 	EXP 	text_cross: autoDraw = False
288.5997 	EXP 	text_cross_space: autoDraw = False
288.5997 	EXP 	stimulus: pos = array([0.06028268, 0.09976231])
288.5997 	EXP 	image_scene: ori = 0.0
288.5997 	EXP 	image_scene: image = 'raw_scenes/Bathroom_7.png'
288.5997 	EXP 	target_letter: pos = array([0.06028268, 0.09976231])
288.5997 	EXP 	stimulus: autoDraw = True
288.5997 	EXP 	image_scene: autoDraw = True
288.5997 	EXP 	target_letter: autoDraw = True
301.3653 	DATA 	Mouse: Left button down, pos=(774,542)
301.3673 	EXP 	New trial (rep=0, index=19): {'TrialType': 'mirrored', 'FileName': 'Bathroom_5', 'Xcoord': 0.07060308460264997, 'Ycoord': 0.1067449863867142}
301.3819 	EXP 	stimulus: autoDraw = False
301.3819 	EXP 	image_scene: autoDraw = False
301.3819 	EXP 	target_letter: autoDraw = False
301.3819 	EXP 	text_cross: autoDraw = True
301.3819 	EXP 	text_cross_space: autoDraw = True
301.5352 	DATA 	Mouse:  Left button up, pos=(720,450)
302.7331 	DATA 	Keypress: space
302.7669 	EXP 	text_cross: autoDraw = False
302.7669 	EXP 	text_cross_space: autoDraw = False
302.7669 	EXP 	stimulus: pos = array([0.07060308, 0.10674499])
302.7669 	EXP 	image_scene: ori = 0.0
302.7669 	EXP 	image_scene: image = 'raw_scenes/Bathroom_5.png'
302.7669 	EXP 	target_letter: pos = array([0.07060308, 0.10674499])
302.7669 	EXP 	stimulus: autoDraw = True
302.7669 	EXP 	image_scene: autoDraw = True
302.7669 	EXP 	target_letter: autoDraw = True
304.6488 	DATA 	Mouse: Left button down, pos=(786,557)
304.6507 	EXP 	New trial (rep=0, index=20): {'TrialType': 'original', 'FileName': 'Office_5', 'Xcoord': 0.09108301477721115, 'Ycoord': 0.1513385936517031}
304.6655 	EXP 	stimulus: autoDraw = False
304.6655 	EXP 	image_scene: autoDraw = False
304.6655 	EXP 	target_letter: autoDraw = False
304.6655 	EXP 	text_cross: autoDraw = True
304.6655 	EXP 	text_cross_space: autoDraw = True
304.8517 	DATA 	Mouse:  Left button up, pos=(720,450)
305.7746 	DATA 	Keypress: space
305.8098 	EXP 	text_cross: autoDraw = False
305.8098 	EXP 	text_cross_space: autoDraw = False
305.8098 	EXP 	stimulus: pos = array([0.09108301, 0.15133859])
305.8098 	EXP 	image_scene: ori = 0.0
305.8098 	EXP 	image_scene: image = 'raw_scenes/Office_5.png'
305.8098 	EXP 	target_letter: pos = array([0.09108301, 0.15133859])
305.8098 	EXP 	stimulus: autoDraw = True
305.8098 	EXP 	image_scene: autoDraw = True
305.8098 	EXP 	target_letter: autoDraw = True
320.3496 	EXP 	New trial (rep=0, index=21): {'TrialType': 'original', 'FileName': 'Office_7', 'Xcoord': -0.10146062018001978, 'Ycoord': 0.11727874772900099}
320.3660 	EXP 	stimulus: autoDraw = False
320.3660 	EXP 	image_scene: autoDraw = False
320.3660 	EXP 	target_letter: autoDraw = False
320.3660 	EXP 	text_cross: autoDraw = True
320.3660 	EXP 	text_cross_space: autoDraw = True
321.8282 	DATA 	Keypress: space
321.8618 	EXP 	text_cross: autoDraw = False
321.8618 	EXP 	text_cross_space: autoDraw = False
321.8618 	EXP 	stimulus: pos = array([-0.10146062,  0.11727875])
321.8618 	EXP 	image_scene: ori = 0.0
321.8618 	EXP 	image_scene: image = 'raw_scenes/Office_7.png'
321.8618 	EXP 	target_letter: pos = array([-0.10146062,  0.11727875])
321.8618 	EXP 	stimulus: autoDraw = True
321.8618 	EXP 	image_scene: autoDraw = True
321.8618 	EXP 	target_letter: autoDraw = True
323.5992 	DATA 	Mouse: Left button down, pos=(628,564)
323.6013 	EXP 	New trial (rep=0, index=22): {'TrialType': 'new', 'FileName': 'Bedroom_3', 'Xcoord': 0.6688247637694693, 'Ycoord': -0.10754966288883455}
323.6153 	EXP 	stimulus: autoDraw = False
323.6153 	EXP 	image_scene: autoDraw = False
323.6153 	EXP 	target_letter: autoDraw = False
323.6153 	EXP 	text_cross: autoDraw = True
323.6153 	EXP 	text_cross_space: autoDraw = True
323.7852 	DATA 	Mouse:  Left button up, pos=(720,450)
324.9322 	DATA 	Keypress: space
324.9669 	EXP 	text_cross: autoDraw = False
324.9669 	EXP 	text_cross_space: autoDraw = False
324.9669 	EXP 	stimulus: pos = array([ 0.66882476, -0.10754966])
324.9669 	EXP 	image_scene: ori = 0.0
324.9669 	EXP 	image_scene: image = 'raw_scenes/Bedroom_3.png'
324.9669 	EXP 	target_letter: pos = array([ 0.66882476, -0.10754966])
324.9669 	EXP 	stimulus: autoDraw = True
324.9669 	EXP 	image_scene: autoDraw = True
324.9669 	EXP 	target_letter: autoDraw = True
327.1494 	DATA 	Mouse: Left button down, pos=(1321,359)
327.1515 	EXP 	New trial (rep=0, index=23): {'TrialType': 'mirrored', 'FileName': 'Kitchen_10', 'Xcoord': 0.46518539966178574, 'Ycoord': 0.34442240225410253}
327.1658 	EXP 	stimulus: autoDraw = False
327.1658 	EXP 	image_scene: autoDraw = False
327.1658 	EXP 	target_letter: autoDraw = False
327.1658 	EXP 	text_cross: autoDraw = True
327.1658 	EXP 	text_cross_space: autoDraw = True
327.3523 	DATA 	Mouse:  Left button up, pos=(720,450)
328.2086 	DATA 	Keypress: space
328.2307 	EXP 	text_cross: autoDraw = False
328.2307 	EXP 	text_cross_space: autoDraw = False
328.2307 	EXP 	stimulus: pos = array([0.4651854, 0.3444224])
328.2307 	EXP 	image_scene: ori = 0.0
328.2307 	EXP 	image_scene: image = 'raw_scenes/Kitchen_10.png'
328.2307 	EXP 	target_letter: pos = array([0.4651854, 0.3444224])
328.2307 	EXP 	stimulus: autoDraw = True
328.2307 	EXP 	image_scene: autoDraw = True
328.2307 	EXP 	target_letter: autoDraw = True
342.7990 	EXP 	New trial (rep=0, index=24): {'TrialType': 'mirrored', 'FileName': 'Office_8', 'Xcoord': 0.35770558653602325, 'Ycoord': -0.12498824530789676}
342.8150 	EXP 	stimulus: autoDraw = False
342.8150 	EXP 	image_scene: autoDraw = False
342.8150 	EXP 	target_letter: autoDraw = False
342.8150 	EXP 	text_cross: autoDraw = True
342.8150 	EXP 	text_cross_space: autoDraw = True
344.0136 	DATA 	Keypress: space
344.0481 	EXP 	text_cross: autoDraw = False
344.0481 	EXP 	text_cross_space: autoDraw = False
344.0481 	EXP 	stimulus: pos = array([ 0.35770559, -0.12498825])
344.0481 	EXP 	image_scene: ori = 0.0
344.0481 	EXP 	image_scene: image = 'raw_scenes/Office_8.png'
344.0481 	EXP 	target_letter: pos = array([ 0.35770559, -0.12498825])
344.0481 	EXP 	stimulus: autoDraw = True
344.0481 	EXP 	image_scene: autoDraw = True
344.0481 	EXP 	target_letter: autoDraw = True
347.3169 	DATA 	Mouse: Left button down, pos=(1037,352)
347.3190 	EXP 	New trial (rep=0, index=25): {'TrialType': 'new', 'FileName': 'Kitchen_3', 'Xcoord': -0.07497923419862196, 'Ycoord': -0.31153536147644634}
347.3326 	EXP 	stimulus: autoDraw = False
347.3326 	EXP 	image_scene: autoDraw = False
347.3326 	EXP 	target_letter: autoDraw = False
347.3326 	EXP 	text_cross: autoDraw = True
347.3326 	EXP 	text_cross_space: autoDraw = True
347.5022 	DATA 	Mouse:  Left button up, pos=(720,450)
348.4153 	DATA 	Keypress: space
348.4512 	EXP 	text_cross: autoDraw = False
348.4512 	EXP 	text_cross_space: autoDraw = False
348.4512 	EXP 	stimulus: pos = array([-0.07497923, -0.31153536])
348.4512 	EXP 	image_scene: ori = 0.0
348.4512 	EXP 	image_scene: image = 'raw_scenes/Kitchen_3.png'
348.4512 	EXP 	target_letter: pos = array([-0.07497923, -0.31153536])
348.4512 	EXP 	stimulus: autoDraw = True
348.4512 	EXP 	image_scene: autoDraw = True
348.4512 	EXP 	target_letter: autoDraw = True
353.5833 	DATA 	Mouse: Left button down, pos=(650,177)
353.5854 	EXP 	New trial (rep=0, index=26): {'TrialType': 'mirrored', 'FileName': 'Bathroom_4', 'Xcoord': -0.41728207980094206, 'Ycoord': -0.3790606208174532}
353.5999 	EXP 	stimulus: autoDraw = False
353.5999 	EXP 	image_scene: autoDraw = False
353.5999 	EXP 	target_letter: autoDraw = False
353.5999 	EXP 	text_cross: autoDraw = True
353.5999 	EXP 	text_cross_space: autoDraw = True
353.7692 	DATA 	Mouse:  Left button up, pos=(720,450)
354.6683 	DATA 	Keypress: space
354.7043 	EXP 	text_cross: autoDraw = False
354.7043 	EXP 	text_cross_space: autoDraw = False
354.7043 	EXP 	stimulus: pos = array([-0.41728208, -0.37906062])
354.7043 	EXP 	image_scene: ori = 0.0
354.7043 	EXP 	image_scene: image = 'raw_scenes/Bathroom_4.png'
354.7043 	EXP 	target_letter: pos = array([-0.41728208, -0.37906062])
354.7043 	EXP 	stimulus: autoDraw = True
354.7043 	EXP 	image_scene: autoDraw = True
354.7043 	EXP 	target_letter: autoDraw = True
362.1499 	DATA 	Mouse: Left button down, pos=(349,111)
362.1519 	EXP 	New trial (rep=0, index=27): {'TrialType': 'new', 'FileName': 'Bedroom_4', 'Xcoord': 0.2988921723059227, 'Ycoord': -0.17655465388573163}
362.1667 	EXP 	stimulus: autoDraw = False
362.1667 	EXP 	image_scene: autoDraw = False
362.1667 	EXP 	target_letter: autoDraw = False
362.1667 	EXP 	text_cross: autoDraw = True
362.1667 	EXP 	text_cross_space: autoDraw = True
362.3361 	DATA 	Mouse:  Left button up, pos=(720,450)
363.2420 	DATA 	Keypress: space
363.2640 	EXP 	text_cross: autoDraw = False
363.2640 	EXP 	text_cross_space: autoDraw = False
363.2640 	EXP 	stimulus: pos = array([ 0.29889217, -0.17655465])
363.2640 	EXP 	image_scene: ori = 0.0
363.2640 	EXP 	image_scene: image = 'raw_scenes/Bedroom_4.png'
363.2640 	EXP 	target_letter: pos = array([ 0.29889217, -0.17655465])
363.2640 	EXP 	stimulus: autoDraw = True
363.2640 	EXP 	image_scene: autoDraw = True
363.2640 	EXP 	target_letter: autoDraw = True
377.8335 	EXP 	New trial (rep=0, index=28): {'TrialType': 'original', 'FileName': 'Bathroom_10', 'Xcoord': -0.19786004473635954, 'Ycoord': -0.002761111530993232}
377.8495 	EXP 	stimulus: autoDraw = False
377.8495 	EXP 	image_scene: autoDraw = False
377.8495 	EXP 	target_letter: autoDraw = False
377.8495 	EXP 	text_cross: autoDraw = True
377.8495 	EXP 	text_cross_space: autoDraw = True
378.6537 	DATA 	Keypress: space
379.1164 	EXP 	text_cross: autoDraw = False
379.1164 	EXP 	text_cross_space: autoDraw = False
379.1164 	EXP 	stimulus: pos = array([-0.19786004, -0.00276111])
379.1164 	EXP 	image_scene: ori = 0.0
379.1164 	EXP 	image_scene: image = 'raw_scenes/Bathroom_10.png'
379.1164 	EXP 	target_letter: pos = array([-0.19786004, -0.00276111])
379.1164 	EXP 	stimulus: autoDraw = True
379.1164 	EXP 	image_scene: autoDraw = True
379.1164 	EXP 	target_letter: autoDraw = True
380.9506 	DATA 	Mouse: Left button down, pos=(536,454)
380.9527 	EXP 	New trial (rep=0, index=29): {'TrialType': 'mirrored', 'FileName': 'Bedroom_5', 'Xcoord': -0.2769163250000293, 'Ycoord': 0.14088185124659813}
380.9667 	EXP 	stimulus: autoDraw = False
380.9667 	EXP 	image_scene: autoDraw = False
380.9667 	EXP 	target_letter: autoDraw = False
380.9667 	EXP 	text_cross: autoDraw = True
380.9667 	EXP 	text_cross_space: autoDraw = True
381.1864 	DATA 	Mouse:  Left button up, pos=(720,450)
382.1979 	DATA 	Keypress: space
382.2316 	EXP 	text_cross: autoDraw = False
382.2316 	EXP 	text_cross_space: autoDraw = False
382.2316 	EXP 	stimulus: pos = array([-0.27691633,  0.14088185])
382.2316 	EXP 	image_scene: ori = 0.0
382.2316 	EXP 	image_scene: image = 'raw_scenes/Bedroom_5.png'
382.2316 	EXP 	target_letter: pos = array([-0.27691633,  0.14088185])
382.2316 	EXP 	stimulus: autoDraw = True
382.2316 	EXP 	image_scene: autoDraw = True
382.2316 	EXP 	target_letter: autoDraw = True
387.1837 	DATA 	Mouse: Left button down, pos=(469,584)
387.1857 	EXP 	New trial (rep=0, index=1): {'BlockNumber': 2}
387.2000 	EXP 	stimulus: autoDraw = False
387.2000 	EXP 	image_scene: autoDraw = False
387.2000 	EXP 	target_letter: autoDraw = False
387.2000 	EXP 	text_2: autoDraw = True
387.3525 	DATA 	Mouse:  Left button up, pos=(469,584)
387.8520 	EXP 	Imported condition_participant/ConditionFile_Mirror_Block2_5.xlsx as conditions, 30 conditions, 4 params
387.8529 	EXP 	Created sequence: random, trialTypes=30, nReps=1, seed=None
387.8533 	EXP 	New trial (rep=0, index=0): {'TrialType': 'original', 'FileName': 'Office_3', 'Xcoord': -0.42688197454989396, 'Ycoord': -0.005617126958450791}
387.8586 	DATA 	Keypress: space
387.8635 	EXP 	text_2: autoDraw = False
387.8635 	EXP 	text_cross: autoDraw = True
387.8635 	EXP 	text_cross_space: autoDraw = True
389.7845 	DATA 	Keypress: space
389.8183 	EXP 	text_cross: autoDraw = False
389.8183 	EXP 	text_cross_space: autoDraw = False
389.8183 	EXP 	stimulus: pos = array([-0.42688197, -0.00561713])
389.8183 	EXP 	image_scene: ori = 0.0
389.8183 	EXP 	image_scene: image = 'raw_scenes/Office_3.png'
389.8183 	EXP 	target_letter: pos = array([-0.42688197, -0.00561713])
389.8183 	EXP 	stimulus: autoDraw = True
389.8183 	EXP 	image_scene: autoDraw = True
389.8183 	EXP 	target_letter: autoDraw = True
392.6671 	DATA 	Mouse: Left button down, pos=(336,446)
392.6696 	EXP 	New trial (rep=0, index=1): {'TrialType': 'original', 'FileName': 'Office_5', 'Xcoord': 0.09108301477721115, 'Ycoord': 0.1513385936517031}
392.6836 	EXP 	stimulus: autoDraw = False
392.6836 	EXP 	image_scene: autoDraw = False
392.6836 	EXP 	target_letter: autoDraw = False
392.6836 	EXP 	text_cross: autoDraw = True
392.6836 	EXP 	text_cross_space: autoDraw = True
392.8528 	DATA 	Mouse:  Left button up, pos=(720,450)
393.9641 	DATA 	Keypress: space
393.9988 	EXP 	text_cross: autoDraw = False
393.9988 	EXP 	text_cross_space: autoDraw = False
393.9988 	EXP 	stimulus: pos = array([0.09108301, 0.15133859])
393.9988 	EXP 	image_scene: ori = 0.0
393.9988 	EXP 	image_scene: image = 'raw_scenes/Office_5.png'
393.9988 	EXP 	target_letter: pos = array([0.09108301, 0.15133859])
393.9988 	EXP 	stimulus: autoDraw = True
393.9988 	EXP 	image_scene: autoDraw = True
393.9988 	EXP 	target_letter: autoDraw = True
402.1840 	DATA 	Mouse: Left button down, pos=(799,586)
402.1859 	EXP 	New trial (rep=0, index=2): {'TrialType': 'new', 'FileName': 'Bathroom_2', 'Xcoord': 0.659826890656508, 'Ycoord': 0.2980886987491601}
402.2004 	EXP 	stimulus: autoDraw = False
402.2004 	EXP 	image_scene: autoDraw = False
402.2004 	EXP 	target_letter: autoDraw = False
402.2004 	EXP 	text_cross: autoDraw = True
402.2004 	EXP 	text_cross_space: autoDraw = True
402.3536 	DATA 	Mouse:  Left button up, pos=(720,450)
403.2056 	DATA 	Keypress: space
403.2271 	EXP 	text_cross: autoDraw = False
403.2271 	EXP 	text_cross_space: autoDraw = False
403.2271 	EXP 	stimulus: pos = array([0.65982689, 0.2980887 ])
403.2271 	EXP 	image_scene: ori = 0.0
403.2271 	EXP 	image_scene: image = 'raw_scenes/Bathroom_2.png'
403.2271 	EXP 	target_letter: pos = array([0.65982689, 0.2980887 ])
403.2271 	EXP 	stimulus: autoDraw = True
403.2271 	EXP 	image_scene: autoDraw = True
403.2271 	EXP 	target_letter: autoDraw = True
416.8682 	DATA 	Mouse: Left button down, pos=(1315,716)
416.8700 	EXP 	New trial (rep=0, index=3): {'TrialType': 'new', 'FileName': 'Office_10', 'Xcoord': -0.5059814939663095, 'Ycoord': 0.18977964989466886}
416.8841 	EXP 	stimulus: autoDraw = False
416.8841 	EXP 	image_scene: autoDraw = False
416.8841 	EXP 	target_letter: autoDraw = False
416.8841 	EXP 	text_cross: autoDraw = True
416.8841 	EXP 	text_cross_space: autoDraw = True
417.0700 	DATA 	Mouse:  Left button up, pos=(720,450)
417.9912 	DATA 	Keypress: space
418.0135 	EXP 	text_cross: autoDraw = False
418.0135 	EXP 	text_cross_space: autoDraw = False
418.0135 	EXP 	stimulus: pos = array([-0.50598149,  0.18977965])
418.0135 	EXP 	image_scene: ori = 0.0
418.0135 	EXP 	image_scene: image = 'raw_scenes/Office_10.png'
418.0135 	EXP 	target_letter: pos = array([-0.50598149,  0.18977965])
418.0135 	EXP 	stimulus: autoDraw = True
418.0135 	EXP 	image_scene: autoDraw = True
418.0135 	EXP 	target_letter: autoDraw = True
423.2684 	DATA 	Mouse: Left button down, pos=(272,623)
423.2705 	EXP 	New trial (rep=0, index=4): {'TrialType': 'mirrored', 'FileName': 'Office_1', 'Xcoord': 0.614396696874397, 'Ycoord': -0.3936057042544783}
423.2843 	EXP 	stimulus: autoDraw = False
423.2843 	EXP 	image_scene: autoDraw = False
423.2843 	EXP 	target_letter: autoDraw = False
423.2843 	EXP 	text_cross: autoDraw = True
423.2843 	EXP 	text_cross_space: autoDraw = True
423.4373 	DATA 	Mouse:  Left button up, pos=(720,450)
424.3194 	DATA 	Keypress: space
424.3412 	EXP 	text_cross: autoDraw = False
424.3412 	EXP 	text_cross_space: autoDraw = False
424.3412 	EXP 	stimulus: pos = array([-0.6143967, -0.3936057])
424.3412 	EXP 	image_scene: ori = 0.0
424.3412 	EXP 	image_scene: image = 'raw_scenes/Office_1.png'
424.3412 	EXP 	target_letter: pos = array([-0.6143967, -0.3936057])
424.3412 	EXP 	stimulus: autoDraw = True
424.3412 	EXP 	image_scene: autoDraw = True
424.3412 	EXP 	target_letter: autoDraw = True
428.0678 	DATA 	Mouse: Left button down, pos=(168,94)
428.0696 	EXP 	New trial (rep=0, index=5): {'TrialType': 'mirrored', 'FileName': 'Bedroom_1', 'Xcoord': 0.5340519244635709, 'Ycoord': 0.280569701442385}
428.0846 	EXP 	stimulus: autoDraw = False
428.0846 	EXP 	image_scene: autoDraw = False
428.0846 	EXP 	target_letter: autoDraw = False
428.0846 	EXP 	text_cross: autoDraw = True
428.0846 	EXP 	text_cross_space: autoDraw = True
428.2536 	DATA 	Mouse:  Left button up, pos=(720,450)
429.0238 	DATA 	Keypress: space
429.0461 	EXP 	text_cross: autoDraw = False
429.0461 	EXP 	text_cross_space: autoDraw = False
429.0461 	EXP 	stimulus: pos = array([-0.53405192,  0.2805697 ])
429.0461 	EXP 	image_scene: ori = 0.0
429.0461 	EXP 	image_scene: image = 'raw_scenes/Bedroom_1.png'
429.0461 	EXP 	target_letter: pos = array([-0.53405192,  0.2805697 ])
429.0461 	EXP 	stimulus: autoDraw = True
429.0461 	EXP 	image_scene: autoDraw = True
429.0461 	EXP 	target_letter: autoDraw = True
432.3710 	DATA 	Mouse: Left button down, pos=(245,704)
432.3857 	EXP 	New trial (rep=0, index=6): {'TrialType': 'original', 'FileName': 'Office_4', 'Xcoord': 0.47970638112442754, 'Ycoord': -0.07514757535749095}
432.4011 	EXP 	stimulus: autoDraw = False
432.4011 	EXP 	image_scene: autoDraw = False
432.4011 	EXP 	target_letter: autoDraw = False
432.4011 	EXP 	text_cross: autoDraw = True
432.4011 	EXP 	text_cross_space: autoDraw = True
432.5371 	DATA 	Mouse:  Left button up, pos=(720,450)
433.2976 	DATA 	Keypress: space
433.3197 	EXP 	text_cross: autoDraw = False
433.3197 	EXP 	text_cross_space: autoDraw = False
433.3197 	EXP 	stimulus: pos = array([ 0.47970638, -0.07514758])
433.3197 	EXP 	image_scene: ori = 0.0
433.3197 	EXP 	image_scene: image = 'raw_scenes/Office_4.png'
433.3197 	EXP 	target_letter: pos = array([ 0.47970638, -0.07514758])
433.3197 	EXP 	stimulus: autoDraw = True
433.3197 	EXP 	image_scene: autoDraw = True
433.3197 	EXP 	target_letter: autoDraw = True
435.1183 	DATA 	Mouse: Left button down, pos=(1150,385)
435.1202 	EXP 	New trial (rep=0, index=7): {'TrialType': 'mirrored', 'FileName': 'Kitchen_10', 'Xcoord': 0.46518539966178574, 'Ycoord': 0.34442240225410253}
435.1346 	EXP 	stimulus: autoDraw = False
435.1346 	EXP 	image_scene: autoDraw = False
435.1346 	EXP 	target_letter: autoDraw = False
435.1346 	EXP 	text_cross: autoDraw = True
435.1346 	EXP 	text_cross_space: autoDraw = True
435.2541 	DATA 	Mouse:  Left button up, pos=(720,450)
435.9747 	DATA 	Keypress: space
435.9969 	EXP 	text_cross: autoDraw = False
435.9969 	EXP 	text_cross_space: autoDraw = False
435.9969 	EXP 	stimulus: pos = array([-0.4651854,  0.3444224])
435.9969 	EXP 	image_scene: ori = 0.0
435.9969 	EXP 	image_scene: image = 'raw_scenes/Kitchen_10.png'
435.9969 	EXP 	target_letter: pos = array([-0.4651854,  0.3444224])
435.9969 	EXP 	stimulus: autoDraw = True
435.9969 	EXP 	image_scene: autoDraw = True
435.9969 	EXP 	target_letter: autoDraw = True
450.5683 	EXP 	New trial (rep=0, index=8): {'TrialType': 'original', 'FileName': 'Bathroom_10', 'Xcoord': -0.19786004473635954, 'Ycoord': -0.002761111530993232}
450.5846 	EXP 	stimulus: autoDraw = False
450.5846 	EXP 	image_scene: autoDraw = False
450.5846 	EXP 	target_letter: autoDraw = False
450.5846 	EXP 	text_cross: autoDraw = True
450.5846 	EXP 	text_cross_space: autoDraw = True
452.1033 	DATA 	Keypress: space
452.1370 	EXP 	text_cross: autoDraw = False
452.1370 	EXP 	text_cross_space: autoDraw = False
452.1370 	EXP 	stimulus: pos = array([-0.19786004, -0.00276111])
452.1370 	EXP 	image_scene: ori = 0.0
452.1370 	EXP 	image_scene: image = 'raw_scenes/Bathroom_10.png'
452.1370 	EXP 	target_letter: pos = array([-0.19786004, -0.00276111])
452.1370 	EXP 	stimulus: autoDraw = True
452.1370 	EXP 	image_scene: autoDraw = True
452.1370 	EXP 	target_letter: autoDraw = True
453.9687 	DATA 	Mouse: Left button down, pos=(543,449)
453.9709 	EXP 	New trial (rep=0, index=9): {'TrialType': 'mirrored', 'FileName': 'Office_8', 'Xcoord': 0.35770558653602325, 'Ycoord': -0.12498824530789676}
453.9841 	EXP 	stimulus: autoDraw = False
453.9841 	EXP 	image_scene: autoDraw = False
453.9841 	EXP 	target_letter: autoDraw = False
453.9841 	EXP 	text_cross: autoDraw = True
453.9841 	EXP 	text_cross_space: autoDraw = True
454.1547 	DATA 	Mouse:  Left button up, pos=(720,450)
460.1502 	DATA 	Keypress: space
460.1877 	EXP 	text_cross: autoDraw = False
460.1877 	EXP 	text_cross_space: autoDraw = False
460.1877 	EXP 	stimulus: pos = array([-0.35770559, -0.12498825])
460.1877 	EXP 	image_scene: ori = 0.0
460.1877 	EXP 	image_scene: image = 'raw_scenes/Office_8.png'
460.1877 	EXP 	target_letter: pos = array([-0.35770559, -0.12498825])
460.1877 	EXP 	stimulus: autoDraw = True
460.1877 	EXP 	image_scene: autoDraw = True
460.1877 	EXP 	target_letter: autoDraw = True
462.8854 	DATA 	Mouse: Left button down, pos=(396,335)
462.8881 	EXP 	New trial (rep=0, index=10): {'TrialType': 'mirrored', 'FileName': 'Bedroom_9', 'Xcoord': -0.4438433122718933, 'Ycoord': -0.17059189439683667}
462.9014 	EXP 	stimulus: autoDraw = False
462.9014 	EXP 	image_scene: autoDraw = False
462.9014 	EXP 	target_letter: autoDraw = False
462.9014 	EXP 	text_cross: autoDraw = True
462.9014 	EXP 	text_cross_space: autoDraw = True
463.0537 	DATA 	Mouse:  Left button up, pos=(720,450)
463.9822 	DATA 	Keypress: space
464.0041 	EXP 	text_cross: autoDraw = False
464.0041 	EXP 	text_cross_space: autoDraw = False
464.0041 	EXP 	stimulus: pos = array([ 0.44384331, -0.17059189])
464.0041 	EXP 	image_scene: ori = 0.0
464.0041 	EXP 	image_scene: image = 'raw_scenes/Bedroom_9.png'
464.0041 	EXP 	target_letter: pos = array([ 0.44384331, -0.17059189])
464.0041 	EXP 	stimulus: autoDraw = True
464.0041 	EXP 	image_scene: autoDraw = True
464.0041 	EXP 	target_letter: autoDraw = True
470.8358 	DATA 	Mouse: Left button down, pos=(1118,290)
470.8377 	EXP 	New trial (rep=0, index=11): {'TrialType': 'original', 'FileName': 'Bedroom_2', 'Xcoord': 0.6688981486134047, 'Ycoord': -0.37473738857615985}
470.8520 	EXP 	stimulus: autoDraw = False
470.8520 	EXP 	image_scene: autoDraw = False
470.8520 	EXP 	target_letter: autoDraw = False
470.8520 	EXP 	text_cross: autoDraw = True
470.8520 	EXP 	text_cross_space: autoDraw = True
471.0046 	DATA 	Mouse:  Left button up, pos=(720,450)
471.9886 	DATA 	Keypress: space
472.0105 	EXP 	text_cross: autoDraw = False
472.0105 	EXP 	text_cross_space: autoDraw = False
472.0105 	EXP 	stimulus: pos = array([ 0.66889815, -0.37473739])
472.0105 	EXP 	image_scene: ori = 0.0
472.0105 	EXP 	image_scene: image = 'raw_scenes/Bedroom_2.png'
472.0105 	EXP 	target_letter: pos = array([ 0.66889815, -0.37473739])
472.0105 	EXP 	stimulus: autoDraw = True
472.0105 	EXP 	image_scene: autoDraw = True
472.0105 	EXP 	target_letter: autoDraw = True
475.8020 	DATA 	Mouse: Left button down, pos=(1321,115)
475.8041 	EXP 	New trial (rep=0, index=12): {'TrialType': 'mirrored', 'FileName': 'Bathroom_3', 'Xcoord': -0.618067398663159, 'Ycoord': -0.35117949665802334}
475.8187 	EXP 	stimulus: autoDraw = False
475.8187 	EXP 	image_scene: autoDraw = False
475.8187 	EXP 	target_letter: autoDraw = False
475.8187 	EXP 	text_cross: autoDraw = True
475.8187 	EXP 	text_cross_space: autoDraw = True
475.9376 	DATA 	Mouse:  Left button up, pos=(720,450)
476.7732 	DATA 	Keypress: space
476.7952 	EXP 	text_cross: autoDraw = False
476.7952 	EXP 	text_cross_space: autoDraw = False
476.7952 	EXP 	stimulus: pos = array([ 0.6180674, -0.3511795])
476.7952 	EXP 	image_scene: ori = 0.0
476.7952 	EXP 	image_scene: image = 'raw_scenes/Bathroom_3.png'
476.7952 	EXP 	target_letter: pos = array([ 0.6180674, -0.3511795])
476.7952 	EXP 	stimulus: autoDraw = True
476.7952 	EXP 	image_scene: autoDraw = True
476.7952 	EXP 	target_letter: autoDraw = True
480.8859 	DATA 	Mouse: Left button down, pos=(1274,140)
480.8877 	EXP 	New trial (rep=0, index=13): {'TrialType': 'original', 'FileName': 'Bathroom_8', 'Xcoord': 0.4922629472570644, 'Ycoord': 0.10851609574693666}
480.9021 	EXP 	stimulus: autoDraw = False
480.9021 	EXP 	image_scene: autoDraw = False
480.9021 	EXP 	target_letter: autoDraw = False
480.9021 	EXP 	text_cross: autoDraw = True
480.9021 	EXP 	text_cross_space: autoDraw = True
481.0548 	DATA 	Mouse:  Left button up, pos=(720,450)
481.8034 	DATA 	Keypress: space
481.8254 	EXP 	text_cross: autoDraw = False
481.8254 	EXP 	text_cross_space: autoDraw = False
481.8254 	EXP 	stimulus: pos = array([0.49226295, 0.1085161 ])
481.8254 	EXP 	image_scene: ori = 0.0
481.8254 	EXP 	image_scene: image = 'raw_scenes/Bathroom_8.png'
481.8254 	EXP 	target_letter: pos = array([0.49226295, 0.1085161 ])
481.8254 	EXP 	stimulus: autoDraw = True
481.8254 	EXP 	image_scene: autoDraw = True
481.8254 	EXP 	target_letter: autoDraw = True
484.6192 	DATA 	Mouse: Left button down, pos=(1156,549)
484.6210 	EXP 	New trial (rep=0, index=14): {'TrialType': 'new', 'FileName': 'Bathroom_6', 'Xcoord': -0.10407907284698381, 'Ycoord': 0.33594755373845986}
484.6344 	EXP 	stimulus: autoDraw = False
484.6344 	EXP 	image_scene: autoDraw = False
484.6344 	EXP 	target_letter: autoDraw = False
484.6344 	EXP 	text_cross: autoDraw = True
484.6344 	EXP 	text_cross_space: autoDraw = True
484.7719 	DATA 	Mouse:  Left button up, pos=(720,450)
485.6314 	DATA 	Keypress: space
485.6320 	DATA 	Keypress: n
485.6543 	EXP 	text_cross: autoDraw = False
485.6543 	EXP 	text_cross_space: autoDraw = False
485.6543 	EXP 	stimulus: pos = array([-0.10407907,  0.33594755])
485.6543 	EXP 	image_scene: ori = 0.0
485.6543 	EXP 	image_scene: image = 'raw_scenes/Bathroom_6.png'
485.6543 	EXP 	target_letter: pos = array([-0.10407907,  0.33594755])
485.6543 	EXP 	stimulus: autoDraw = True
485.6543 	EXP 	image_scene: autoDraw = True
485.6543 	EXP 	target_letter: autoDraw = True
487.6050 	DATA 	Mouse: Left button down, pos=(627,748)
487.6202 	EXP 	New trial (rep=0, index=15): {'TrialType': 'mirrored', 'FileName': 'Bathroom_4', 'Xcoord': -0.41728207980094206, 'Ycoord': -0.3790606208174532}
487.6355 	EXP 	stimulus: autoDraw = False
487.6355 	EXP 	image_scene: autoDraw = False
487.6355 	EXP 	target_letter: autoDraw = False
487.6355 	EXP 	text_cross: autoDraw = True
487.6355 	EXP 	text_cross_space: autoDraw = True
487.7883 	DATA 	Mouse:  Left button up, pos=(720,450)
488.5233 	DATA 	Keypress: space
488.5452 	EXP 	text_cross: autoDraw = False
488.5452 	EXP 	text_cross_space: autoDraw = False
488.5452 	EXP 	stimulus: pos = array([ 0.41728208, -0.37906062])
488.5452 	EXP 	image_scene: ori = 0.0
488.5452 	EXP 	image_scene: image = 'raw_scenes/Bathroom_4.png'
488.5452 	EXP 	target_letter: pos = array([ 0.41728208, -0.37906062])
488.5452 	EXP 	stimulus: autoDraw = True
488.5452 	EXP 	image_scene: autoDraw = True
488.5452 	EXP 	target_letter: autoDraw = True
503.1194 	EXP 	New trial (rep=0, index=16): {'TrialType': 'new', 'FileName': 'Office_6', 'Xcoord': -0.48077148853586726, 'Ycoord': 0.2592475548211389}
503.1356 	EXP 	stimulus: autoDraw = False
503.1356 	EXP 	image_scene: autoDraw = False
503.1356 	EXP 	target_letter: autoDraw = False
503.1356 	EXP 	text_cross: autoDraw = True
503.1356 	EXP 	text_cross_space: autoDraw = True
504.5851 	DATA 	Keypress: space
504.6189 	EXP 	text_cross: autoDraw = False
504.6189 	EXP 	text_cross_space: autoDraw = False
504.6189 	EXP 	stimulus: pos = array([-0.48077149,  0.25924755])
504.6189 	EXP 	image_scene: ori = 0.0
504.6189 	EXP 	image_scene: image = 'raw_scenes/Office_6.png'
504.6189 	EXP 	target_letter: pos = array([-0.48077149,  0.25924755])
504.6189 	EXP 	stimulus: autoDraw = True
504.6189 	EXP 	image_scene: autoDraw = True
504.6189 	EXP 	target_letter: autoDraw = True
509.5057 	DATA 	Mouse: Left button down, pos=(285,688)
509.5208 	EXP 	New trial (rep=0, index=17): {'TrialType': 'new', 'FileName': 'Bedroom_7', 'Xcoord': -0.24444677145929555, 'Ycoord': 0.2878990293547553}
509.5365 	EXP 	stimulus: autoDraw = False
509.5365 	EXP 	image_scene: autoDraw = False
509.5365 	EXP 	target_letter: autoDraw = False
509.5365 	EXP 	text_cross: autoDraw = True
509.5365 	EXP 	text_cross_space: autoDraw = True
509.6894 	DATA 	Mouse:  Left button up, pos=(720,450)
510.0566 	DATA 	Keypress: space
510.5054 	EXP 	text_cross: autoDraw = False
510.5054 	EXP 	text_cross_space: autoDraw = False
510.5054 	EXP 	stimulus: pos = array([-0.24444677,  0.28789903])
510.5054 	EXP 	image_scene: ori = 0.0
510.5054 	EXP 	image_scene: image = 'raw_scenes/Bedroom_7.png'
510.5054 	EXP 	target_letter: pos = array([-0.24444677,  0.28789903])
510.5054 	EXP 	stimulus: autoDraw = True
510.5054 	EXP 	image_scene: autoDraw = True
510.5054 	EXP 	target_letter: autoDraw = True
512.4196 	DATA 	Mouse: Left button down, pos=(501,708)
512.4215 	EXP 	New trial (rep=0, index=18): {'TrialType': 'original', 'FileName': 'Bedroom_10', 'Xcoord': 0.1891086204300323, 'Ycoord': 0.20807359087388388}
512.4363 	EXP 	stimulus: autoDraw = False
512.4363 	EXP 	image_scene: autoDraw = False
512.4363 	EXP 	target_letter: autoDraw = False
512.4363 	EXP 	text_cross: autoDraw = True
512.4363 	EXP 	text_cross_space: autoDraw = True
512.6053 	DATA 	Mouse:  Left button up, pos=(720,450)
513.3111 	DATA 	Keypress: space
513.3333 	EXP 	text_cross: autoDraw = False
513.3333 	EXP 	text_cross_space: autoDraw = False
513.3333 	EXP 	stimulus: pos = array([0.18910862, 0.20807359])
513.3333 	EXP 	image_scene: ori = 0.0
513.3333 	EXP 	image_scene: image = 'raw_scenes/Bedroom_10.png'
513.3333 	EXP 	target_letter: pos = array([0.18910862, 0.20807359])
513.3333 	EXP 	stimulus: autoDraw = True
513.3333 	EXP 	image_scene: autoDraw = True
513.3333 	EXP 	target_letter: autoDraw = True
516.0202 	DATA 	Mouse: Left button down, pos=(886,645)
516.0221 	EXP 	New trial (rep=0, index=19): {'TrialType': 'new', 'FileName': 'Kitchen_8', 'Xcoord': -0.2634281810674338, 'Ycoord': 0.15920655897077196}
516.0359 	EXP 	stimulus: autoDraw = False
516.0359 	EXP 	image_scene: autoDraw = False
516.0359 	EXP 	target_letter: autoDraw = False
516.0359 	EXP 	text_cross: autoDraw = True
516.0359 	EXP 	text_cross_space: autoDraw = True
516.1889 	DATA 	Mouse:  Left button up, pos=(720,450)
516.8956 	DATA 	Keypress: space
516.9177 	EXP 	text_cross: autoDraw = False
516.9177 	EXP 	text_cross_space: autoDraw = False
516.9177 	EXP 	stimulus: pos = array([-0.26342818,  0.15920656])
516.9177 	EXP 	image_scene: ori = 0.0
516.9177 	EXP 	image_scene: image = 'raw_scenes/Kitchen_8.png'
516.9177 	EXP 	target_letter: pos = array([-0.26342818,  0.15920656])
516.9177 	EXP 	stimulus: autoDraw = True
516.9177 	EXP 	image_scene: autoDraw = True
516.9177 	EXP 	target_letter: autoDraw = True
531.5026 	EXP 	New trial (rep=0, index=20): {'TrialType': 'original', 'FileName': 'Bathroom_7', 'Xcoord': 0.060282676793247836, 'Ycoord': 0.09976230741491005}
531.5196 	EXP 	stimulus: autoDraw = False
531.5196 	EXP 	image_scene: autoDraw = False
531.5196 	EXP 	target_letter: autoDraw = False
531.5196 	EXP 	text_cross: autoDraw = True
531.5196 	EXP 	text_cross_space: autoDraw = True
532.6348 	DATA 	Keypress: space
532.6709 	EXP 	text_cross: autoDraw = False
532.6709 	EXP 	text_cross_space: autoDraw = False
532.6709 	EXP 	stimulus: pos = array([0.06028268, 0.09976231])
532.6709 	EXP 	image_scene: ori = 0.0
532.6709 	EXP 	image_scene: image = 'raw_scenes/Bathroom_7.png'
532.6709 	EXP 	target_letter: pos = array([0.06028268, 0.09976231])
532.6709 	EXP 	stimulus: autoDraw = True
532.6709 	EXP 	image_scene: autoDraw = True
532.6709 	EXP 	target_letter: autoDraw = True
534.2536 	DATA 	Mouse: Left button down, pos=(775,553)
534.2554 	EXP 	New trial (rep=0, index=21): {'TrialType': 'mirrored', 'FileName': 'Bedroom_5', 'Xcoord': -0.2769163250000293, 'Ycoord': 0.14088185124659813}
534.2692 	EXP 	stimulus: autoDraw = False
534.2692 	EXP 	image_scene: autoDraw = False
534.2692 	EXP 	target_letter: autoDraw = False
534.2692 	EXP 	text_cross: autoDraw = True
534.2692 	EXP 	text_cross_space: autoDraw = True
534.4403 	DATA 	Mouse:  Left button up, pos=(720,450)
536.2818 	DATA 	Keypress: space
536.3160 	EXP 	text_cross: autoDraw = False
536.3160 	EXP 	text_cross_space: autoDraw = False
536.3160 	EXP 	stimulus: pos = array([0.27691633, 0.14088185])
536.3160 	EXP 	image_scene: ori = 0.0
536.3160 	EXP 	image_scene: image = 'raw_scenes/Bedroom_5.png'
536.3160 	EXP 	target_letter: pos = array([0.27691633, 0.14088185])
536.3160 	EXP 	stimulus: autoDraw = True
536.3160 	EXP 	image_scene: autoDraw = True
536.3160 	EXP 	target_letter: autoDraw = True
538.3539 	DATA 	Mouse: Left button down, pos=(966,585)
538.3557 	EXP 	New trial (rep=0, index=22): {'TrialType': 'new', 'FileName': 'Bedroom_8', 'Xcoord': 0.4110338021249311, 'Ycoord': 0.20724887454027563}
538.3695 	EXP 	stimulus: autoDraw = False
538.3695 	EXP 	image_scene: autoDraw = False
538.3695 	EXP 	target_letter: autoDraw = False
538.3695 	EXP 	text_cross: autoDraw = True
538.3695 	EXP 	text_cross_space: autoDraw = True
538.5225 	DATA 	Mouse:  Left button up, pos=(720,450)
539.2256 	DATA 	Keypress: space
539.2480 	EXP 	text_cross: autoDraw = False
539.2480 	EXP 	text_cross_space: autoDraw = False
539.2480 	EXP 	stimulus: pos = array([0.4110338 , 0.20724887])
539.2480 	EXP 	image_scene: ori = 0.0
539.2480 	EXP 	image_scene: image = 'raw_scenes/Bedroom_8.png'
539.2480 	EXP 	target_letter: pos = array([0.4110338 , 0.20724887])
539.2480 	EXP 	stimulus: autoDraw = True
539.2480 	EXP 	image_scene: autoDraw = True
539.2480 	EXP 	target_letter: autoDraw = True
541.9033 	DATA 	Mouse: Left button down, pos=(1091,640)
541.9053 	EXP 	New trial (rep=0, index=23): {'TrialType': 'original', 'FileName': 'Kitchen_4', 'Xcoord': 0.05284118894530676, 'Ycoord': 0.1524746634415399}
541.9189 	EXP 	stimulus: autoDraw = False
541.9189 	EXP 	image_scene: autoDraw = False
541.9189 	EXP 	target_letter: autoDraw = False
541.9189 	EXP 	text_cross: autoDraw = True
541.9189 	EXP 	text_cross_space: autoDraw = True
542.0727 	DATA 	Mouse:  Left button up, pos=(720,450)
542.7817 	DATA 	Keypress: space
542.8039 	EXP 	text_cross: autoDraw = False
542.8039 	EXP 	text_cross_space: autoDraw = False
542.8039 	EXP 	stimulus: pos = array([0.05284119, 0.15247466])
542.8039 	EXP 	image_scene: ori = 0.0
542.8039 	EXP 	image_scene: image = 'raw_scenes/Kitchen_4.png'
542.8039 	EXP 	target_letter: pos = array([0.05284119, 0.15247466])
542.8039 	EXP 	stimulus: autoDraw = True
542.8039 	EXP 	image_scene: autoDraw = True
542.8039 	EXP 	target_letter: autoDraw = True
544.3868 	DATA 	Mouse: Left button down, pos=(767,590)
544.3890 	EXP 	New trial (rep=0, index=24): {'TrialType': 'new', 'FileName': 'Office_9', 'Xcoord': -0.42463407127952907, 'Ycoord': 0.39709599301735343}
544.4034 	EXP 	stimulus: autoDraw = False
544.4034 	EXP 	image_scene: autoDraw = False
544.4034 	EXP 	target_letter: autoDraw = False
544.4034 	EXP 	text_cross: autoDraw = True
544.4034 	EXP 	text_cross_space: autoDraw = True
544.5728 	DATA 	Mouse:  Left button up, pos=(720,450)
545.2794 	DATA 	Keypress: space
545.3015 	EXP 	text_cross: autoDraw = False
545.3015 	EXP 	text_cross_space: autoDraw = False
545.3015 	EXP 	stimulus: pos = array([-0.42463407,  0.39709599])
545.3015 	EXP 	image_scene: ori = 0.0
545.3015 	EXP 	image_scene: image = 'raw_scenes/Office_9.png'
545.3015 	EXP 	target_letter: pos = array([-0.42463407,  0.39709599])
545.3015 	EXP 	stimulus: autoDraw = True
545.3015 	EXP 	image_scene: autoDraw = True
545.3015 	EXP 	target_letter: autoDraw = True
548.6537 	DATA 	Mouse: Left button down, pos=(337,807)
548.6554 	EXP 	New trial (rep=0, index=25): {'TrialType': 'mirrored', 'FileName': 'Bathroom_5', 'Xcoord': 0.07060308460264997, 'Ycoord': 0.1067449863867142}
548.6703 	EXP 	stimulus: autoDraw = False
548.6703 	EXP 	image_scene: autoDraw = False
548.6703 	EXP 	target_letter: autoDraw = False
548.6703 	EXP 	text_cross: autoDraw = True
548.6703 	EXP 	text_cross_space: autoDraw = True
548.8729 	DATA 	Mouse:  Left button up, pos=(720,450)
549.5467 	DATA 	Keypress: space
549.5688 	EXP 	text_cross: autoDraw = False
549.5688 	EXP 	text_cross_space: autoDraw = False
549.5688 	EXP 	stimulus: pos = array([-0.07060308,  0.10674499])
549.5688 	EXP 	image_scene: ori = 0.0
549.5688 	EXP 	image_scene: image = 'raw_scenes/Bathroom_5.png'
549.5688 	EXP 	target_letter: pos = array([-0.07060308,  0.10674499])
549.5688 	EXP 	stimulus: autoDraw = True
549.5688 	EXP 	image_scene: autoDraw = True
549.5688 	EXP 	target_letter: autoDraw = True
551.7207 	DATA 	Mouse: Left button down, pos=(656,537)
551.7226 	EXP 	New trial (rep=0, index=26): {'TrialType': 'mirrored', 'FileName': 'Bathroom_1', 'Xcoord': -0.42053604008724393, 'Ycoord': 0.13315793177685875}
551.7371 	EXP 	stimulus: autoDraw = False
551.7371 	EXP 	image_scene: autoDraw = False
551.7371 	EXP 	target_letter: autoDraw = False
551.7371 	EXP 	text_cross: autoDraw = True
551.7371 	EXP 	text_cross_space: autoDraw = True
551.8898 	DATA 	Mouse:  Left button up, pos=(720,450)
552.5151 	DATA 	Keypress: space
552.5372 	EXP 	text_cross: autoDraw = False
552.5372 	EXP 	text_cross_space: autoDraw = False
552.5372 	EXP 	stimulus: pos = array([0.42053604, 0.13315793])
552.5372 	EXP 	image_scene: ori = 0.0
552.5372 	EXP 	image_scene: image = 'raw_scenes/Bathroom_1.png'
552.5372 	EXP 	target_letter: pos = array([0.42053604, 0.13315793])
552.5372 	EXP 	stimulus: autoDraw = True
552.5372 	EXP 	image_scene: autoDraw = True
552.5372 	EXP 	target_letter: autoDraw = True
554.2873 	DATA 	Mouse: Left button down, pos=(1100,582)
554.2893 	EXP 	New trial (rep=0, index=27): {'TrialType': 'new', 'FileName': 'Bedroom_6', 'Xcoord': -0.6592611814539965, 'Ycoord': 0.02986917890958124}
554.3034 	EXP 	stimulus: autoDraw = False
554.3034 	EXP 	image_scene: autoDraw = False
554.3034 	EXP 	target_letter: autoDraw = False
554.3034 	EXP 	text_cross: autoDraw = True
554.3034 	EXP 	text_cross_space: autoDraw = True
554.4564 	DATA 	Mouse:  Left button up, pos=(720,450)
555.0757 	DATA 	Keypress: space
555.0977 	EXP 	text_cross: autoDraw = False
555.0977 	EXP 	text_cross_space: autoDraw = False
555.0977 	EXP 	stimulus: pos = array([-0.65926118,  0.02986918])
555.0977 	EXP 	image_scene: ori = 0.0
555.0977 	EXP 	image_scene: image = 'raw_scenes/Bedroom_6.png'
555.0977 	EXP 	target_letter: pos = array([-0.65926118,  0.02986918])
555.0977 	EXP 	stimulus: autoDraw = True
555.0977 	EXP 	image_scene: autoDraw = True
555.0977 	EXP 	target_letter: autoDraw = True
557.5872 	DATA 	Mouse: Left button down, pos=(124,475)
557.5894 	EXP 	New trial (rep=0, index=28): {'TrialType': 'original', 'FileName': 'Office_7', 'Xcoord': -0.10146062018001978, 'Ycoord': 0.11727874772900099}
557.6036 	EXP 	stimulus: autoDraw = False
557.6036 	EXP 	image_scene: autoDraw = False
557.6036 	EXP 	target_letter: autoDraw = False
557.6036 	EXP 	text_cross: autoDraw = True
557.6036 	EXP 	text_cross_space: autoDraw = True
557.6066 	DATA 	Mouse:  Left button up, pos=(720,450)
558.3767 	DATA 	Keypress: space
558.3989 	EXP 	text_cross: autoDraw = False
558.3989 	EXP 	text_cross_space: autoDraw = False
558.3989 	EXP 	stimulus: pos = array([-0.10146062,  0.11727875])
558.3989 	EXP 	image_scene: ori = 0.0
558.3989 	EXP 	image_scene: image = 'raw_scenes/Office_7.png'
558.3989 	EXP 	target_letter: pos = array([-0.10146062,  0.11727875])
558.3989 	EXP 	stimulus: autoDraw = True
558.3989 	EXP 	image_scene: autoDraw = True
558.3989 	EXP 	target_letter: autoDraw = True
559.9205 	DATA 	Mouse: Left button down, pos=(617,563)
559.9229 	EXP 	New trial (rep=0, index=29): {'TrialType': 'new', 'FileName': 'Kitchen_5', 'Xcoord': -0.3537686328198726, 'Ycoord': -0.3621363575708396}
559.9370 	EXP 	stimulus: autoDraw = False
559.9370 	EXP 	image_scene: autoDraw = False
559.9370 	EXP 	target_letter: autoDraw = False
559.9370 	EXP 	text_cross: autoDraw = True
559.9370 	EXP 	text_cross_space: autoDraw = True
560.0729 	DATA 	Mouse:  Left button up, pos=(720,450)
560.7380 	DATA 	Keypress: space
560.7599 	EXP 	text_cross: autoDraw = False
560.7599 	EXP 	text_cross_space: autoDraw = False
560.7599 	EXP 	stimulus: pos = array([-0.35376863, -0.36213636])
560.7599 	EXP 	image_scene: ori = 0.0
560.7599 	EXP 	image_scene: image = 'raw_scenes/Kitchen_5.png'
560.7599 	EXP 	target_letter: pos = array([-0.35376863, -0.36213636])
560.7599 	EXP 	stimulus: autoDraw = True
560.7599 	EXP 	image_scene: autoDraw = True
560.7599 	EXP 	target_letter: autoDraw = True
562.6377 	DATA 	Mouse: Left button down, pos=(398,141)
562.6538 	EXP 	stimulus: autoDraw = False
562.6538 	EXP 	image_scene: autoDraw = False
562.6538 	EXP 	target_letter: autoDraw = False
562.6538 	EXP 	debr_text: autoDraw = True
562.8056 	DATA 	Mouse:  Left button up, pos=(398,141)
566.0057 	DATA 	Keypress: space
566.0202 	EXP 	debr_text: autoDraw = False
566.0684 	EXP 	window1: mouseVisible = True
